<?xml version="1.0" encoding="UTF-8"?>
<testng-results skipped="0" failed="0" total="1" passed="1">
  <reporter-output>
  </reporter-output>
  <suite name="Default suite" duration-ms="9158" started-at="2020-08-04T22:51:01Z" finished-at="2020-08-04T22:51:11Z">
    <groups>
    </groups>
    <test name="Default test" duration-ms="9158" started-at="2020-08-04T22:51:01Z" finished-at="2020-08-04T22:51:11Z">
      <class name="com.crm.qa.testcases.HomePageTest">
        <test-method status="PASS" signature="setUp()[pri:0, instance:com.crm.qa.testcases.HomePageTest@147ed70f]" name="setUp" is-config="true" duration-ms="8958" started-at="2020-08-04T18:51:01Z" finished-at="2020-08-04T18:51:10Z">
          <reporter-output>
          </reporter-output>
        </test-method> <!-- setUp -->
        <test-method status="PASS" signature="HomePageTitleTest()[pri:0, instance:com.crm.qa.testcases.HomePageTest@147ed70f]" name="HomePageTitleTest" duration-ms="169" started-at="2020-08-04T18:51:10Z" finished-at="2020-08-04T18:51:11Z">
          <reporter-output>
          </reporter-output>
        </test-method> <!-- HomePageTitleTest -->
        <test-method status="PASS" signature="tearDown()[pri:0, instance:com.crm.qa.testcases.HomePageTest@147ed70f]" name="tearDown" is-config="true" duration-ms="0" started-at="2020-08-04T18:51:11Z" finished-at="2020-08-04T18:51:11Z">
          <reporter-output>
          </reporter-output>
        </test-method> <!-- tearDown -->
      </class> <!-- com.crm.qa.testcases.HomePageTest -->
    </test> <!-- Default test -->
  </suite> <!-- Default suite -->
</testng-results>
